<?xml version="1.0" encoding="UTF-8"?>
<testng-results ignored="0" total="3" passed="3" failed="0" skipped="0">
  <reporter-output>
  </reporter-output>
  <suite started-at="2024-08-10T21:09:45 IST" name="Cucumber TestNG Suite" finished-at="2024-08-10T21:11:08 IST" duration-ms="82191">
    <groups>
      <group name="cucumber">
        <method signature="AbstractTestNGCucumberTests.runScenario(io.cucumber.testng.PickleWrapper,io.cucumber.testng.FeatureWrapper)[pri:0, instance:com.automationCodes.testRunner.TestRunner@4a83a74a]" name="runScenario" class="io.cucumber.testng.AbstractTestNGCucumberTests"/>
      </group> <!-- cucumber -->
    </groups>
    <test started-at="2024-08-10T21:09:45 IST" name="Cucumber Tests" finished-at="2024-08-10T21:11:08 IST" duration-ms="82191">
      <class name="com.automationCodes.testRunner.TestRunner">
        <test-method is-config="true" signature="setUpClass(org.testng.ITestContext)[pri:0, instance:com.automationCodes.testRunner.TestRunner@4a83a74a]" started-at="2024-08-10T21:09:45 IST" name="setUpClass" finished-at="2024-08-10T21:09:46 IST" duration-ms="621" status="PASS">
          <params>
            <param index="0">
              <value>
                <![CDATA[org.testng.TestRunner@3d6778d5]]>
              </value>
            </param>
          </params>
          <reporter-output>
          </reporter-output>
        </test-method> <!-- setUpClass -->
        <test-method signature="runScenario(io.cucumber.testng.PickleWrapper,io.cucumber.testng.FeatureWrapper)[pri:0, instance:com.automationCodes.testRunner.TestRunner@4a83a74a]" started-at="2024-08-10T21:09:46 IST" name="runScenario" description="Runs Cucumber Scenarios" data-provider="scenarios" finished-at="2024-08-10T21:10:14 IST" duration-ms="28400" status="PASS">
          <params>
            <param index="0">
              <value>
                <![CDATA["Validating the Login functionality"]]>
              </value>
            </param>
            <param index="1">
              <value>
                <![CDATA["Login"]]>
              </value>
            </param>
          </params>
          <reporter-output>
          </reporter-output>
        </test-method> <!-- runScenario -->
        <test-method signature="runScenario(io.cucumber.testng.PickleWrapper,io.cucumber.testng.FeatureWrapper)[pri:0, instance:com.automationCodes.testRunner.TestRunner@4a83a74a]" started-at="2024-08-10T21:10:14 IST" name="runScenario" description="Runs Cucumber Scenarios" data-provider="scenarios" finished-at="2024-08-10T21:10:37 IST" duration-ms="22309" status="PASS">
          <params>
            <param index="0">
              <value>
                <![CDATA["Validating the Login functionality"]]>
              </value>
            </param>
            <param index="1">
              <value>
                <![CDATA["Login"]]>
              </value>
            </param>
          </params>
          <reporter-output>
          </reporter-output>
        </test-method> <!-- runScenario -->
        <test-method signature="runScenario(io.cucumber.testng.PickleWrapper,io.cucumber.testng.FeatureWrapper)[pri:0, instance:com.automationCodes.testRunner.TestRunner@4a83a74a]" started-at="2024-08-10T21:10:37 IST" name="runScenario" description="Runs Cucumber Scenarios" data-provider="scenarios" finished-at="2024-08-10T21:11:06 IST" duration-ms="29346" status="PASS">
          <params>
            <param index="0">
              <value>
                <![CDATA["Validating the Login functionality"]]>
              </value>
            </param>
            <param index="1">
              <value>
                <![CDATA["Login"]]>
              </value>
            </param>
          </params>
          <reporter-output>
          </reporter-output>
        </test-method> <!-- runScenario -->
        <test-method is-config="true" signature="tearDownClass()[pri:0, instance:com.automationCodes.testRunner.TestRunner@4a83a74a]" started-at="2024-08-10T21:11:06 IST" name="tearDownClass" finished-at="2024-08-10T21:11:08 IST" duration-ms="1463" status="PASS">
          <reporter-output>
          </reporter-output>
        </test-method> <!-- tearDownClass -->
      </class> <!-- com.automationCodes.testRunner.TestRunner -->
    </test> <!-- Cucumber Tests -->
  </suite> <!-- Cucumber TestNG Suite -->
</testng-results>
